<?xml version="1.0" encoding="UTF-8"?>
<!-- Generated by org.testng.reporters.JUnitReportReporter -->
<testsuite hostname="Personal" failures="0" tests="1" name="testCases.TestLogin" time="4.473" errors="0" timestamp="13 Feb 2019 12:16:04 GMT" skipped="0">
  <testcase classname="testCases.TestLogin" name="testLogin" time="4.473"/>
</testsuite> <!-- testCases.TestLogin -->
