<?xml version="1.0" encoding="UTF-8"?>
<!-- Generated by org.testng.reporters.JUnitReportReporter -->
<testsuite hostname="Personal" failures="0" tests="4" name="parallel.testcases.TestFunctionalityA" time="6.401" errors="0" timestamp="09 Feb 2019 10:05:28 GMT" skipped="0">
  <testcase classname="parallel.testcases.TestFunctionalityA" name="testA_One" time="2.079"/>
  <testcase classname="parallel.testcases.TestFunctionalityA" name="testA_two" time="0.537"/>
  <testcase classname="parallel.testcases.TestFunctionalityA" name="testA_three" time="2.175"/>
  <testcase classname="parallel.testcases.TestFunctionalityA" name="testA_four" time="1.610"/>
</testsuite> <!-- parallel.testcases.TestFunctionalityA -->
