<?xml version="1.0" encoding="UTF-8"?>
<!-- Generated by org.testng.reporters.JUnitReportReporter -->
<testsuite hostname="Personal" failures="0" tests="4" name="parallel.testcases.TestFunctionalityD" time="1.215" errors="0" timestamp="09 Feb 2019 10:05:28 GMT" skipped="0">
  <testcase classname="parallel.testcases.TestFunctionalityD" name="testD_three" time="0.307"/>
  <testcase classname="parallel.testcases.TestFunctionalityD" name="testD_One" time="0.283"/>
  <testcase classname="parallel.testcases.TestFunctionalityD" name="testD_two" time="0.313"/>
  <testcase classname="parallel.testcases.TestFunctionalityD" name="testD_four" time="0.312"/>
</testsuite> <!-- parallel.testcases.TestFunctionalityD -->
