<?xml version="1.0" encoding="UTF-8"?>
<!-- Generated by org.testng.reporters.JUnitReportReporter -->
<testsuite hostname="Personal" failures="0" tests="4" name="parallel.testcases.TestFunctionalityC" time="1.876" errors="0" timestamp="09 Feb 2019 10:05:28 GMT" skipped="0">
  <testcase classname="parallel.testcases.TestFunctionalityC" name="testC_One" time="0.453"/>
  <testcase classname="parallel.testcases.TestFunctionalityC" name="testC_four" time="0.474"/>
  <testcase classname="parallel.testcases.TestFunctionalityC" name="testC_two" time="0.410"/>
  <testcase classname="parallel.testcases.TestFunctionalityC" name="testC_three" time="0.539"/>
</testsuite> <!-- parallel.testcases.TestFunctionalityC -->
