<?xml version="1.0" encoding="UTF-8"?>
<!-- Generated by org.testng.reporters.JUnitReportReporter -->
<testsuite hostname="Personal" failures="0" tests="4" name="utility.TestFunctionalityA" time="8.569" errors="0" timestamp="24 Oct 2018 19:31:39 GMT" skipped="0">
  <testcase classname="utility.TestFunctionalityA" name="testA_One" time="1.725"/>
  <testcase classname="utility.TestFunctionalityA" name="testA_three" time="4.110"/>
  <testcase classname="utility.TestFunctionalityA" name="testA_four" time="2.212"/>
  <testcase classname="utility.TestFunctionalityA" name="testA_two" time="0.522"/>
</testsuite> <!-- utility.TestFunctionalityA -->
